[0.148s] Invoking command in '/ROS2_Manipulator/ubot_ws/build/cpp_samples': CMAKE_PREFIX_PATH=${CMAKE_PREFIX_PATH}:/ROS2_Manipulator/ubot_ws/install/py_samples:/opt/ros/jazzy /usr/bin/cmake --build /ROS2_Manipulator/ubot_ws/build/cpp_samples -- -j24 -l24
[0.382s] [ 50%] Built target simple_publisher
[0.696s] [ 75%] [32mBuilding CXX object CMakeFiles/simple_subscriber.dir/src/simple_subscriber.cpp.o[0m
[2.863s] In file included from [01m[K/opt/ros/jazzy/include/rclcpp/rclcpp/logging.hpp:24[m[K,
[2.863s]                  from [01m[K/opt/ros/jazzy/include/rclcpp/rclcpp/copy_all_parameter_values.hpp:27[m[K,
[2.865s]                  from [01m[K/opt/ros/jazzy/include/rclcpp/rclcpp/rclcpp.hpp:171[m[K,
[2.866s]                  from [01m[K/ROS2_Manipulator/ubot_ws/src/cpp_samples/src/simple_subscriber.cpp:1[m[K:
[2.867s] [01m[K/ROS2_Manipulator/ubot_ws/src/cpp_samples/src/simple_subscriber.cpp:[m[K In member function â€˜[01m[Kvoid SimpleSubscriber::[01;32m[KmsgCallback[m[K(const std_msgs::msg::String&) const[m[Kâ€™:
[2.867s] [01m[K/ROS2_Manipulator/ubot_ws/src/cpp_samples/src/simple_subscriber.cpp:19:47:[m[K [01;31m[Kerror: [m[Kinvalid operands of types â€˜[01m[Kconst char [11][m[Kâ€™ and â€˜[01m[Kconst char*[m[Kâ€™ to binary â€˜[01m[Koperator+[m[Kâ€™
[2.868s]    19 |         RCLCPP_INFO(get_logger(),[32m[K"I listen: "[m[K [01;31m[K+[m[K [34m[Kmsg.data.c_str()[m[K);
[2.869s]       |                                  [32m[K~~~~~~~~~~~~[m[K [01;31m[K^[m[K [34m[K~~~~~~~~~~~~~~~~[m[K
[2.869s]       |                                  [32m[K|[m[K                            [34m[K|[m[K
[2.870s]       |                                  [32m[Kconst char [11][m[K              [34m[Kconst char*[m[K
[4.770s] gmake[2]: *** [CMakeFiles/simple_subscriber.dir/build.make:76: CMakeFiles/simple_subscriber.dir/src/simple_subscriber.cpp.o] Error 1
[4.772s] gmake[1]: *** [CMakeFiles/Makefile2:165: CMakeFiles/simple_subscriber.dir/all] Error 2
[4.772s] gmake: *** [Makefile:146: all] Error 2
[4.774s] Invoked command in '/ROS2_Manipulator/ubot_ws/build/cpp_samples' returned '2': CMAKE_PREFIX_PATH=${CMAKE_PREFIX_PATH}:/ROS2_Manipulator/ubot_ws/install/py_samples:/opt/ros/jazzy /usr/bin/cmake --build /ROS2_Manipulator/ubot_ws/build/cpp_samples -- -j24 -l24
